Build started 2015-05-31 오후 7:37:50.
     1>Project "C:\Users\Kiyeon\project\chromakey\sample\sample.vcxproj" on node 3 (Build target(s)).
     1>ClCompile:
         C:\Program Files (x86)\Microsoft Visual Studio 12.0\VC\bin\CL.exe /c /Zi /nologo /W3 /WX- /O2 /Oi /Oy- /GL /D WIN32 /D _WINDOWSNDEBUG /D _CONSOLE /D _LIB /D _UNICODE /D UNICODE /Gm- /EHsc /MD /GS /Gy /fp:precise /Zc:wchar_t /Zc:forScope /Fo"Release\\" /Fd"Release\vc120.pdb" /Gd /TP /analyze- /errorReport:prompt ChromaKeyer.cpp PluginRegistration.cpp
         ChromaKeyer.cpp
     1>ChromaKeyer.cpp : warning C4819: The file contains a character that cannot be represented in the current code page (949). Save the file in Unicode format to prevent data loss
     1>c:\users\kiyeon\project\chromakey\sample\ChromaKeyer.h(41): fatal error C1083: Cannot open include file: 'ofxsImageEffect.h': No such file or directory
         PluginRegistration.cpp
     1>c:\users\kiyeon\project\chromakey\sample\ChromaKeyer.h(41): fatal error C1083: Cannot open include file: 'ofxsImageEffect.h': No such file or directory
     1>Done Building Project "C:\Users\Kiyeon\project\chromakey\sample\sample.vcxproj" (Build target(s)) -- FAILED.

Build FAILED.

Time Elapsed 00:00:00.75
