Build started 2015-05-31 오후 7:07:54.
     1>Project "C:\Users\Kiyeon\project\chromakey\sample\sample.vcxproj" on node 4 (Build target(s)).
     1>ClCompile:
         C:\Program Files (x86)\Microsoft Visual Studio 12.0\VC\bin\CL.exe /c /ZI /nologo /W3 /WX- /Od /Oy- /D WIN32 /D _WINDOWS_DEBUG /D _CONSOLE /D _LIB /D _UNICODE /D UNICODE /Gm /EHsc /RTC1 /MDd /GS /fp:precise /Zc:wchar_t /Zc:forScope /Fo"Debug\\" /Fd"Debug\vc120.pdb" /Gd /TP /analyze- /errorReport:prompt ChromaKeyer.cpp PluginRegistration.cpp
         PluginRegistration.cpp
     1>c:\users\kiyeon\project\chromakey\sample\chromakeyer.h(41): fatal error C1083: Cannot open include file: 'ofxsImageEffect.h': No such file or directory
         ChromaKeyer.cpp
     1>c:\users\kiyeon\project\chromakey\sample\chromakeyer.cpp : warning C4819: The file contains a character that cannot be represented in the current code page (949). Save the file in Unicode format to prevent data loss
     1>c:\users\kiyeon\project\chromakey\sample\chromakeyer.h(41): fatal error C1083: Cannot open include file: 'ofxsImageEffect.h': No such file or directory
         Generating Code...
     1>Done Building Project "C:\Users\Kiyeon\project\chromakey\sample\sample.vcxproj" (Build target(s)) -- FAILED.

Build FAILED.

Time Elapsed 00:00:00.40
